# JRE version: Java(TM) SE Runtime Environment (8.0_261-b12) (build 1.8.0_261-b12)
# Java VM: Java HotSpot(TM) 64-Bit Server VM (25.261-b12 mixed mode windows-amd64 compressed oops)
Heap:
 PSYoungGen      total 117248K, used 74143K [0x00000000f5580000, 0x0000000100000000, 0x0000000100000000)
  eden space 72192K, 47% used [0x00000000f5580000,0x00000000f7739598,0x00000000f9c00000)
  from space 45056K, 87% used [0x00000000fd400000,0x00000000ffaae6a0,0x0000000100000000)
  to   space 51200K, 0% used [0x00000000f9c00000,0x00000000f9c00000,0x00000000fce00000)
 ParOldGen       total 349696K, used 295627K [0x00000000e0000000, 0x00000000f5580000, 0x00000000f5580000)
  object space 349696K, 84% used [0x00000000e0000000,0x00000000f20b2c18,0x00000000f5580000)
 Metaspace       used 103709K, capacity 111034K, committed 111104K, reserved 1144832K
  class space    used 13613K, capacity 15072K, committed 15104K, reserved 1048576K
GC Heap History (10 events):
Event: 199.903 GC heap before
{Heap before GC invocations=68 (full 5):
 PSYoungGen      total 141824K, used 126741K [0x00000000f5580000, 0x00000000ffc80000, 0x0000000100000000)
  eden space 112640K, 100% used [0x00000000f5580000,0x00000000fc380000,0x00000000fc380000)
  from space 29184K, 48% used [0x00000000fe000000,0x00000000fedc5520,0x00000000ffc80000)
  to   space 29184K, 0% used [0x00000000fc380000,0x00000000fc380000,0x00000000fe000000)
 ParOldGen       total 349696K, used 219765K [0x00000000e0000000, 0x00000000f5580000, 0x00000000f5580000)
  object space 349696K, 62% used [0x00000000e0000000,0x00000000ed69d668,0x00000000f5580000)
 Metaspace       used 103597K, capacity 110938K, committed 111104K, reserved 1144832K
  class space    used 13610K, capacity 15072K, committed 15104K, reserved 1048576K
Event: 199.972 GC heap after
Heap after GC invocations=68 (full 5):
 PSYoungGen      total 141824K, used 29182K [0x00000000f5580000, 0x0000000100000000, 0x0000000100000000)
  eden space 112640K, 0% used [0x00000000f5580000,0x00000000f5580000,0x00000000fc380000)
  from space 29184K, 99% used [0x00000000fc380000,0x00000000fdfffbb0,0x00000000fe000000)
  to   space 32768K, 0% used [0x00000000fe000000,0x00000000fe000000,0x0000000100000000)
 ParOldGen       total 349696K, used 223634K [0x00000000e0000000, 0x00000000f5580000, 0x00000000f5580000)
  object space 349696K, 63% used [0x00000000e0000000,0x00000000eda64940,0x00000000f5580000)
 Metaspace       used 103597K, capacity 110938K, committed 111104K, reserved 1144832K
  class space    used 13610K, capacity 15072K, committed 15104K, reserved 1048576K
}
Event: 200.901 GC heap before
{Heap before GC invocations=69 (full 5):
 PSYoungGen      total 141824K, used 141822K [0x00000000f5580000, 0x0000000100000000, 0x0000000100000000)
  eden space 112640K, 100% used [0x00000000f5580000,0x00000000fc380000,0x00000000fc380000)
  from space 29184K, 99% used [0x00000000fc380000,0x00000000fdfffbb0,0x00000000fe000000)
  to   space 32768K, 0% used [0x00000000fe000000,0x00000000fe000000,0x0000000100000000)
 ParOldGen       total 349696K, used 223634K [0x00000000e0000000, 0x00000000f5580000, 0x00000000f5580000)
  object space 349696K, 63% used [0x00000000e0000000,0x00000000eda64940,0x00000000f5580000)
 Metaspace       used 103623K, capacity 110942K, committed 111104K, reserved 1144832K
  class space    used 13610K, capacity 15072K, committed 15104K, reserved 1048576K
Event: 201.046 GC heap after
Heap after GC invocations=69 (full 5):
 PSYoungGen      total 109056K, used 32736K [0x00000000f5580000, 0x0000000100000000, 0x0000000100000000)
  eden space 76288K, 0% used [0x00000000f5580000,0x00000000f5580000,0x00000000fa000000)
  from space 32768K, 99% used [0x00000000fe000000,0x00000000ffff8070,0x0000000100000000)
  to   space 49152K, 0% used [0x00000000fa000000,0x00000000fa000000,0x00000000fd000000)
 ParOldGen       total 349696K, used 247866K [0x00000000e0000000, 0x00000000f5580000, 0x00000000f5580000)
  object space 349696K, 70% used [0x00000000e0000000,0x00000000ef20e9c0,0x00000000f5580000)
 Metaspace       used 103623K, capacity 110942K, committed 111104K, reserved 1144832K
  class space    used 13610K, capacity 15072K, committed 15104K, reserved 1048576K
}
Event: 202.044 GC heap before
{Heap before GC invocations=70 (full 5):
 PSYoungGen      total 109056K, used 109024K [0x00000000f5580000, 0x0000000100000000, 0x0000000100000000)
  eden space 76288K, 100% used [0x00000000f5580000,0x00000000fa000000,0x00000000fa000000)
  from space 32768K, 99% used [0x00000000fe000000,0x00000000ffff8070,0x0000000100000000)
  to   space 49152K, 0% used [0x00000000fa000000,0x00000000fa000000,0x00000000fd000000)
 ParOldGen       total 349696K, used 247866K [0x00000000e0000000, 0x00000000f5580000, 0x00000000f5580000)
  object space 349696K, 70% used [0x00000000e0000000,0x00000000ef20e9c0,0x00000000f5580000)
 Metaspace       used 103631K, capacity 110946K, committed 111104K, reserved 1144832K
  class space    used 13610K, capacity 15072K, committed 15104K, reserved 1048576K
Event: 202.142 GC heap after
Heap after GC invocations=70 (full 5):
 PSYoungGen      total 125440K, used 18080K [0x00000000f5580000, 0x0000000100000000, 0x0000000100000000)
  eden space 76288K, 0% used [0x00000000f5580000,0x00000000f5580000,0x00000000fa000000)
  from space 49152K, 36% used [0x00000000fa000000,0x00000000fb1a8188,0x00000000fd000000)
  to   space 46080K, 0% used [0x00000000fd300000,0x00000000fd300000,0x0000000100000000)
 ParOldGen       total 349696K, used 278614K [0x00000000e0000000, 0x00000000f5580000, 0x00000000f5580000)
  object space 349696K, 79% used [0x00000000e0000000,0x00000000f1015848,0x00000000f5580000)
 Metaspace       used 103631K, capacity 110946K, committed 111104K, reserved 1144832K
  class space    used 13610K, capacity 15072K, committed 15104K, reserved 1048576K
}
Event: 202.765 GC heap before
{Heap before GC invocations=71 (full 5):
 PSYoungGen      total 125440K, used 94368K [0x00000000f5580000, 0x0000000100000000, 0x0000000100000000)
  eden space 76288K, 100% used [0x00000000f5580000,0x00000000fa000000,0x00000000fa000000)
  from space 49152K, 36% used [0x00000000fa000000,0x00000000fb1a8188,0x00000000fd000000)
  to   space 46080K, 0% used [0x00000000fd300000,0x00000000fd300000,0x0000000100000000)
 ParOldGen       total 349696K, used 278614K [0x00000000e0000000, 0x00000000f5580000, 0x00000000f5580000)
  object space 349696K, 79% used [0x00000000e0000000,0x00000000f1015848,0x00000000f5580000)
 Metaspace       used 103654K, capacity 111014K, committed 111104K, reserved 1144832K
  class space    used 13610K, capacity 15072K, committed 15104K, reserved 1048576K
Event: 202.794 GC heap after
Heap after GC invocations=71 (full 5):
 PSYoungGen      total 120320K, used 7729K [0x00000000f5580000, 0x00000000ffb00000, 0x0000000100000000)
  eden space 79360K, 0% used [0x00000000f5580000,0x00000000f5580000,0x00000000fa300000)
  from space 40960K, 18% used [0x00000000fd300000,0x00000000fda8c628,0x00000000ffb00000)
  to   space 45056K, 0% used [0x00000000fa300000,0x00000000fa300000,0x00000000fcf00000)
 ParOldGen       total 349696K, used 294012K [0x00000000e0000000, 0x00000000f5580000, 0x00000000f5580000)
  object space 349696K, 84% used [0x00000000e0000000,0x00000000f1f1f218,0x00000000f5580000)
 Metaspace       used 103654K, capacity 111014K, committed 111104K, reserved 1144832K
  class space    used 13610K, capacity 15072K, committed 15104K, reserved 1048576K
}
Event: 228.528 GC heap before
{Heap before GC invocations=72 (full 5):
 PSYoungGen      total 120320K, used 82423K [0x00000000f5580000, 0x00000000ffb00000, 0x0000000100000000)
  eden space 79360K, 94% used [0x00000000f5580000,0x00000000f9e718b8,0x00000000fa300000)
  from space 40960K, 18% used [0x00000000fd300000,0x00000000fda8c628,0x00000000ffb00000)
  to   space 45056K, 0% used [0x00000000fa300000,0x00000000fa300000,0x00000000fcf00000)
 ParOldGen       total 349696K, used 294012K [0x00000000e0000000, 0x00000000f5580000, 0x00000000f5580000)
  object space 349696K, 84% used [0x00000000e0000000,0x00000000f1f1f218,0x00000000f5580000)
 Metaspace       used 103703K, capacity 111034K, committed 111104K, reserved 1144832K
  class space    used 13612K, capacity 15072K, committed 15104K, reserved 1048576K
Event: 228.569 GC heap after
Heap after GC invocations=72 (full 5):
 PSYoungGen      total 124416K, used 1633K [0x00000000f5580000, 0x0000000100000000, 0x0000000100000000)
  eden space 79360K, 0% used [0x00000000f5580000,0x00000000f5580000,0x00000000fa300000)
  from space 45056K, 3% used [0x00000000fa300000,0x00000000fa4987f0,0x00000000fcf00000)
  to   space 45056K, 0% used [0x00000000fd400000,0x00000000fd400000,0x0000000100000000)
 ParOldGen       total 349696K, used 294300K [0x00000000e0000000, 0x00000000f5580000, 0x00000000f5580000)
  object space 349696K, 84% used [0x00000000e0000000,0x00000000f1f67218,0x00000000f5580000)
 Metaspace       used 103703K, capacity 111034K, committed 111104K, reserved 1144832K
  class space    used 13612K, capacity 15072K, committed 15104K, reserved 1048576K
}

