# JRE version: Java(TM) SE Runtime Environment (8.0_261-b12) (build 1.8.0_261-b12)
# Java VM: Java HotSpot(TM) 64-Bit Server VM (25.261-b12 mixed mode windows-amd64 compressed oops)
Heap:
 PSYoungGen      total 121856K, used 51652K [0x00000000f5580000, 0x0000000100000000, 0x0000000100000000)
  eden space 70144K, 56% used [0x00000000f5580000,0x00000000f7c56b40,0x00000000f9a00000)
  from space 51712K, 22% used [0x00000000fcb00000,0x00000000fd69a630,0x00000000ffd80000)
  to   space 50176K, 0% used [0x00000000f9a00000,0x00000000f9a00000,0x00000000fcb00000)
 ParOldGen       total 318976K, used 254011K [0x00000000e0000000, 0x00000000f3780000, 0x00000000f5580000)
  object space 318976K, 79% used [0x00000000e0000000,0x00000000ef80ef80,0x00000000f3780000)
 Metaspace       used 107465K, capacity 114880K, committed 115072K, reserved 1148928K
  class space    used 14146K, capacity 15627K, committed 15744K, reserved 1048576K
GC Heap History (10 events):
Event: 2494.726 GC heap before
{Heap before GC invocations=56 (full 4):
 PSYoungGen      total 85504K, used 82509K [0x00000000f5580000, 0x00000000ffb80000, 0x0000000100000000)
  eden space 71680K, 95% used [0x00000000f5580000,0x00000000f989c6d0,0x00000000f9b80000)
  from space 13824K, 99% used [0x00000000f9b80000,0x00000000fa8f7078,0x00000000fa900000)
  to   space 49152K, 0% used [0x00000000fcb80000,0x00000000fcb80000,0x00000000ffb80000)
 ParOldGen       total 318976K, used 173010K [0x00000000e0000000, 0x00000000f3780000, 0x00000000f5580000)
  object space 318976K, 54% used [0x00000000e0000000,0x00000000ea8f48b0,0x00000000f3780000)
 Metaspace       used 107421K, capacity 114870K, committed 115072K, reserved 1148928K
  class space    used 14143K, capacity 15626K, committed 15744K, reserved 1048576K
Event: 2494.746 GC heap after
Heap after GC invocations=56 (full 4):
 PSYoungGen      total 120320K, used 661K [0x00000000f5580000, 0x0000000100000000, 0x0000000100000000)
  eden space 71168K, 0% used [0x00000000f5580000,0x00000000f5580000,0x00000000f9b00000)
  from space 49152K, 1% used [0x00000000fcb80000,0x00000000fcc256c8,0x00000000ffb80000)
  to   space 49664K, 0% used [0x00000000f9b00000,0x00000000f9b00000,0x00000000fcb80000)
 ParOldGen       total 318976K, used 178762K [0x00000000e0000000, 0x00000000f3780000, 0x00000000f5580000)
  object space 318976K, 56% used [0x00000000e0000000,0x00000000eae92b48,0x00000000f3780000)
 Metaspace       used 107421K, capacity 114870K, committed 115072K, reserved 1148928K
  class space    used 14143K, capacity 15626K, committed 15744K, reserved 1048576K
}
Event: 2495.138 GC heap before
{Heap before GC invocations=57 (full 4):
 PSYoungGen      total 120320K, used 71829K [0x00000000f5580000, 0x0000000100000000, 0x0000000100000000)
  eden space 71168K, 100% used [0x00000000f5580000,0x00000000f9b00000,0x00000000f9b00000)
  from space 49152K, 1% used [0x00000000fcb80000,0x00000000fcc256c8,0x00000000ffb80000)
  to   space 49664K, 0% used [0x00000000f9b00000,0x00000000f9b00000,0x00000000fcb80000)
 ParOldGen       total 318976K, used 178762K [0x00000000e0000000, 0x00000000f3780000, 0x00000000f5580000)
  object space 318976K, 56% used [0x00000000e0000000,0x00000000eae92b48,0x00000000f3780000)
 Metaspace       used 107431K, capacity 114874K, committed 115072K, reserved 1148928K
  class space    used 14144K, capacity 15626K, committed 15744K, reserved 1048576K
Event: 2495.213 GC heap after
Heap after GC invocations=57 (full 4):
 PSYoungGen      total 120832K, used 33208K [0x00000000f5580000, 0x0000000100000000, 0x0000000100000000)
  eden space 71168K, 0% used [0x00000000f5580000,0x00000000f5580000,0x00000000f9b00000)
  from space 49664K, 66% used [0x00000000f9b00000,0x00000000fbb6e250,0x00000000fcb80000)
  to   space 52224K, 0% used [0x00000000fcd00000,0x00000000fcd00000,0x0000000100000000)
 ParOldGen       total 318976K, used 179265K [0x00000000e0000000, 0x00000000f3780000, 0x00000000f5580000)
  object space 318976K, 56% used [0x00000000e0000000,0x00000000eaf10548,0x00000000f3780000)
 Metaspace       used 107431K, capacity 114874K, committed 115072K, reserved 1148928K
  class space    used 14144K, capacity 15626K, committed 15744K, reserved 1048576K
}
Event: 2496.329 GC heap before
{Heap before GC invocations=58 (full 4):
 PSYoungGen      total 120832K, used 104376K [0x00000000f5580000, 0x0000000100000000, 0x0000000100000000)
  eden space 71168K, 100% used [0x00000000f5580000,0x00000000f9b00000,0x00000000f9b00000)
  from space 49664K, 66% used [0x00000000f9b00000,0x00000000fbb6e250,0x00000000fcb80000)
  to   space 52224K, 0% used [0x00000000fcd00000,0x00000000fcd00000,0x0000000100000000)
 ParOldGen       total 318976K, used 179265K [0x00000000e0000000, 0x00000000f3780000, 0x00000000f5580000)
  object space 318976K, 56% used [0x00000000e0000000,0x00000000eaf10548,0x00000000f3780000)
 Metaspace       used 107440K, capacity 114880K, committed 115072K, reserved 1148928K
  class space    used 14146K, capacity 15627K, committed 15744K, reserved 1048576K
Event: 2496.433 GC heap after
Heap after GC invocations=58 (full 4):
 PSYoungGen      total 119296K, used 34040K [0x00000000f5580000, 0x0000000100000000, 0x0000000100000000)
  eden space 67072K, 0% used [0x00000000f5580000,0x00000000f5580000,0x00000000f9700000)
  from space 52224K, 65% used [0x00000000fcd00000,0x00000000fee3e1b8,0x0000000100000000)
  to   space 53760K, 0% used [0x00000000f9700000,0x00000000f9700000,0x00000000fcb80000)
 ParOldGen       total 318976K, used 202913K [0x00000000e0000000, 0x00000000f3780000, 0x00000000f5580000)
  object space 318976K, 63% used [0x00000000e0000000,0x00000000ec6286e0,0x00000000f3780000)
 Metaspace       used 107440K, capacity 114880K, committed 115072K, reserved 1148928K
  class space    used 14146K, capacity 15627K, committed 15744K, reserved 1048576K
}
Event: 2497.758 GC heap before
{Heap before GC invocations=59 (full 4):
 PSYoungGen      total 119296K, used 101112K [0x00000000f5580000, 0x0000000100000000, 0x0000000100000000)
  eden space 67072K, 100% used [0x00000000f5580000,0x00000000f9700000,0x00000000f9700000)
  from space 52224K, 65% used [0x00000000fcd00000,0x00000000fee3e1b8,0x0000000100000000)
  to   space 53760K, 0% used [0x00000000f9700000,0x00000000f9700000,0x00000000fcb80000)
 ParOldGen       total 318976K, used 202913K [0x00000000e0000000, 0x00000000f3780000, 0x00000000f5580000)
  object space 318976K, 63% used [0x00000000e0000000,0x00000000ec6286e0,0x00000000f3780000)
 Metaspace       used 107453K, capacity 114880K, committed 115072K, reserved 1148928K
  class space    used 14146K, capacity 15627K, committed 15744K, reserved 1048576K
Event: 2497.846 GC heap after
Heap after GC invocations=59 (full 4):
 PSYoungGen      total 84480K, used 17274K [0x00000000f5580000, 0x00000000ffd80000, 0x0000000100000000)
  eden space 67072K, 0% used [0x00000000f5580000,0x00000000f5580000,0x00000000f9700000)
  from space 17408K, 99% used [0x00000000f9700000,0x00000000fa7de890,0x00000000fa800000)
  to   space 51712K, 0% used [0x00000000fcb00000,0x00000000fcb00000,0x00000000ffd80000)
 ParOldGen       total 318976K, used 236873K [0x00000000e0000000, 0x00000000f3780000, 0x00000000f5580000)
  object space 318976K, 74% used [0x00000000e0000000,0x00000000ee7526f0,0x00000000f3780000)
 Metaspace       used 107453K, capacity 114880K, committed 115072K, reserved 1148928K
  class space    used 14146K, capacity 15627K, committed 15744K, reserved 1048576K
}
Event: 2498.154 GC heap before
{Heap before GC invocations=60 (full 4):
 PSYoungGen      total 84480K, used 84346K [0x00000000f5580000, 0x00000000ffd80000, 0x0000000100000000)
  eden space 67072K, 100% used [0x00000000f5580000,0x00000000f9700000,0x00000000f9700000)
  from space 17408K, 99% used [0x00000000f9700000,0x00000000fa7de890,0x00000000fa800000)
  to   space 51712K, 0% used [0x00000000fcb00000,0x00000000fcb00000,0x00000000ffd80000)
 ParOldGen       total 318976K, used 236873K [0x00000000e0000000, 0x00000000f3780000, 0x00000000f5580000)
  object space 318976K, 74% used [0x00000000e0000000,0x00000000ee7526f0,0x00000000f3780000)
 Metaspace       used 107453K, capacity 114880K, committed 115072K, reserved 1148928K
  class space    used 14146K, capacity 15627K, committed 15744K, reserved 1048576K
Event: 2498.207 GC heap after
Heap after GC invocations=60 (full 4):
 PSYoungGen      total 121856K, used 11881K [0x00000000f5580000, 0x0000000100000000, 0x0000000100000000)
  eden space 70144K, 0% used [0x00000000f5580000,0x00000000f5580000,0x00000000f9a00000)
  from space 51712K, 22% used [0x00000000fcb00000,0x00000000fd69a630,0x00000000ffd80000)
  to   space 50176K, 0% used [0x00000000f9a00000,0x00000000f9a00000,0x00000000fcb00000)
 ParOldGen       total 318976K, used 254011K [0x00000000e0000000, 0x00000000f3780000, 0x00000000f5580000)
  object space 318976K, 79% used [0x00000000e0000000,0x00000000ef80ef80,0x00000000f3780000)
 Metaspace       used 107453K, capacity 114880K, committed 115072K, reserved 1148928K
  class space    used 14146K, capacity 15627K, committed 15744K, reserved 1048576K
}

